The target system is: Generic - 2.1.99 - arm
The host system is: Windows - 10.0.17763 - AMD64
Compiling the C compiler identification source file "CMakeCCompilerId.c" succeeded.
Compiler: C:/Program Files (x86)/GNU Tools Arm Embedded/8 2019-q3-update/bin/arm-none-eabi-gcc.exe 
Build flags: 
Id flags: -c 

The output was:
0


Compilation of the C compiler identification source "CMakeCCompilerId.c" produced "CMakeCCompilerId.o"

The C compiler identification is GNU, found in "C:/ncs/ncs_ble_tutorial/build/CMakeFiles/3.16.0/CompilerIdC/CMakeCCompilerId.o"

Compiling the CXX compiler identification source file "CMakeCXXCompilerId.cpp" succeeded.
Compiler: C:/Program Files (x86)/GNU Tools Arm Embedded/8 2019-q3-update/bin/arm-none-eabi-gcc.exe 
Build flags: 
Id flags: -c 

The output was:
0


Compilation of the CXX compiler identification source "CMakeCXXCompilerId.cpp" produced "CMakeCXXCompilerId.o"

The CXX compiler identification is GNU, found in "C:/ncs/ncs_ble_tutorial/build/CMakeFiles/3.16.0/CompilerIdCXX/CMakeCXXCompilerId.o"

Checking whether the ASM compiler is GNU using "--version" matched "(GNU assembler)|(GCC)|(Free Software Foundation)":
arm-none-eabi-gcc.exe (GNU Tools for Arm Embedded Processors 8-2019-q3-update) 8.3.1 20190703 (release) [gcc-8-branch revision 273027]
Copyright (C) 2018 Free Software Foundation, Inc.
This is free software; see the source for copying conditions.  There is NO
warranty; not even for MERCHANTABILITY or FITNESS FOR A PARTICULAR PURPOSE.

Determining if files stdatomic.h exist passed with the following output:
Change Dir: C:/ncs/ncs_ble_tutorial/build/CMakeFiles/CMakeTmp

Run Build Command(s):C:/ProgramData/chocolatey/bin/ninja.exe cmTC_79dfd && [1/2] Building C object CMakeFiles/cmTC_79dfd.dir/HAVE_STDATOMIC_H.c.obj
[2/2] Linking C executable cmTC_79dfd
AR19DD~1.EXE: warning: CMakeFiles/cmTC_79dfd.dir/HAVE_STDATOMIC_H.c.obj: linker input file unused because linking not done



Determining if files fcntl.h exist passed with the following output:
Change Dir: C:/ncs/ncs_ble_tutorial/build/CMakeFiles/CMakeTmp

Run Build Command(s):C:/ProgramData/chocolatey/bin/ninja.exe cmTC_49eea && [1/2] Building C object CMakeFiles/cmTC_49eea.dir/HAVE_FCNTL_H.c.obj
[2/2] Linking C executable cmTC_49eea
AR19DD~1.EXE: warning: CMakeFiles/cmTC_49eea.dir/HAVE_FCNTL_H.c.obj: linker input file unused because linking not done



Performing C SOURCE FILE Test check_fmacro_prefix_map_C__ncs_ncs_ble_tutorial_CMAKE_SOURCE_DIR_C__c__nostartfiles__nostdlib__isystem__c__program_files__x86__gnu_tools_arm_embedded_8_2019_q3_update_bin____lib_gcc_arm_none_eabi_8_3_1_include___isystem__c__program_files__x86__gnu_tools_arm_embedded_8_2019_q3_update_bin____lib_gcc_arm_none_eabi_8_3_1_include_fixed___Wl___unresolved_symbols_ignore_in_object_files__Wl___entry_0 succeeded with the following output:
Change Dir: C:/ncs/ncs_ble_tutorial/build/CMakeFiles/CMakeTmp

Run Build Command(s):C:/ProgramData/chocolatey/bin/ninja.exe cmTC_8276c && [1/2] Building C object CMakeFiles/cmTC_8276c.dir/src.c.obj
[2/2] Linking C executable cmTC_8276c
AR19DD~1.EXE: warning: CMakeFiles/cmTC_8276c.dir/src.c.obj: linker input file unused because linking not done


Source file was:
int main(void) { return 0; }
Performing C SOURCE FILE Test check_fmacro_prefix_map_C__ncs_WEST_TOPDIR_C__c__nostartfiles__nostdlib__isystem__c__program_files__x86__gnu_tools_arm_embedded_8_2019_q3_update_bin____lib_gcc_arm_none_eabi_8_3_1_include___isystem__c__program_files__x86__gnu_tools_arm_embedded_8_2019_q3_update_bin____lib_gcc_arm_none_eabi_8_3_1_include_fixed___Wl___unresolved_symbols_ignore_in_object_files__Wl___entry_0 succeeded with the following output:
Change Dir: C:/ncs/ncs_ble_tutorial/build/CMakeFiles/CMakeTmp

Run Build Command(s):C:/ProgramData/chocolatey/bin/ninja.exe cmTC_a2799 && [1/2] Building C object CMakeFiles/cmTC_a2799.dir/src.c.obj
[2/2] Linking C executable cmTC_a2799
AR19DD~1.EXE: warning: CMakeFiles/cmTC_a2799.dir/src.c.obj: linker input file unused because linking not done


Source file was:
int main(void) { return 0; }
